debug1: OpenSSH_10.0p2, OpenSSL 3.2.4 11 Feb 2025
debug1: Reading configuration data /c/Users/saras/.ssh/config
debug1: /c/Users/saras/.ssh/config line 11: Applying options for 161.97.76.57
debug1: Reading configuration data /etc/ssh/ssh_config
debug1: Connecting to 161.97.76.57 [161.97.76.57] port 22.
debug1: fd 4 clearing O_NONBLOCK
debug1: Connection established.
debug1: identity file /c/Users/saras/.ssh/id_rsa type 3
debug1: identity file /c/Users/saras/.ssh/id_rsa-cert type -1
debug1: identity file /c/Users/saras/.ssh/id_ecdsa type -1
debug1: identity file /c/Users/saras/.ssh/id_ecdsa-cert type -1
debug1: identity file /c/Users/saras/.ssh/id_ecdsa_sk type -1
debug1: identity file /c/Users/saras/.ssh/id_ecdsa_sk-cert type -1
debug1: identity file /c/Users/saras/.ssh/id_ed25519 type -1
debug1: identity file /c/Users/saras/.ssh/id_ed25519-cert type -1
debug1: identity file /c/Users/saras/.ssh/id_ed25519_sk type -1
debug1: identity file /c/Users/saras/.ssh/id_ed25519_sk-cert type -1
debug1: identity file /c/Users/saras/.ssh/id_xmss type -1
debug1: identity file /c/Users/saras/.ssh/id_xmss-cert type -1
debug1: Local version string SSH-2.0-OpenSSH_10.0
debug1: Remote protocol version 2.0, remote software version OpenSSH_8.2p1 Ubuntu-4ubuntu0.13
debug1: compat_banner: match: OpenSSH_8.2p1 Ubuntu-4ubuntu0.13 pat OpenSSH* compat 0x04000000
debug1: Authenticating to 161.97.76.57:22 as 'teo'
debug1: load_hostkeys: fopen /c/Users/saras/.ssh/known_hosts2: No such file or directory
debug1: load_hostkeys: fopen /etc/ssh/ssh_known_hosts: No such file or directory
debug1: load_hostkeys: fopen /etc/ssh/ssh_known_hosts2: No such file or directory
debug1: SSH2_MSG_KEXINIT sent
debug1: SSH2_MSG_KEXINIT received
debug1: kex: algorithm: curve25519-sha256
debug1: kex: host key algorithm: ssh-ed25519
debug1: kex: server->client cipher: chacha20-poly1305@openssh.com MAC: <implicit> compression: none
debug1: kex: client->server cipher: chacha20-poly1305@openssh.com MAC: <implicit> compression: none
debug1: expecting SSH2_MSG_KEX_ECDH_REPLY
debug1: SSH2_MSG_KEX_ECDH_REPLY received
debug1: Server host key: ssh-ed25519 SHA256:aDS//Wk30N6bLHXQmhVDi/34iQlxgWZVfWhxvE21LyI
debug1: load_hostkeys: fopen /c/Users/saras/.ssh/known_hosts2: No such file or directory
debug1: load_hostkeys: fopen /etc/ssh/ssh_known_hosts: No such file or directory
debug1: load_hostkeys: fopen /etc/ssh/ssh_known_hosts2: No such file or directory
debug1: Host '161.97.76.57' is known and matches the ED25519 host key.
debug1: Found key in /c/Users/saras/.ssh/known_hosts:5
debug1: ssh_packet_send2_wrapped: resetting send seqnr 3
debug1: rekey out after 134217728 blocks
debug1: SSH2_MSG_NEWKEYS sent
debug1: expecting SSH2_MSG_NEWKEYS
debug1: ssh_packet_read_poll2: resetting read seqnr 3
debug1: SSH2_MSG_NEWKEYS received
debug1: rekey in after 134217728 blocks
debug1: SSH2_MSG_EXT_INFO received
debug1: kex_ext_info_client_parse: server-sig-algs=<ssh-ed25519,sk-ssh-ed25519@openssh.com,ssh-rsa,rsa-sha2-256,rsa-sha2-512,ssh-dss,ecdsa-sha2-nistp256,ecdsa-sha2-nistp384,ecdsa-sha2-nistp521,sk-ecdsa-sha2-nistp256@openssh.com>
debug1: SSH2_MSG_SERVICE_ACCEPT received
debug1: Authentications that can continue: publickey,password
debug1: Next authentication method: publickey
debug1: Will attempt key: /c/Users/saras/.ssh/id_rsa ED25519 SHA256:aprrXFMWP/lEPtOz0w7+7zi0LEuwigJmiBMd05Zsgew
debug1: Will attempt key: /c/Users/saras/.ssh/id_ecdsa 
debug1: Will attempt key: /c/Users/saras/.ssh/id_ecdsa_sk 
debug1: Will attempt key: /c/Users/saras/.ssh/id_ed25519 
debug1: Will attempt key: /c/Users/saras/.ssh/id_ed25519_sk 
debug1: Will attempt key: /c/Users/saras/.ssh/id_xmss 
debug1: Offering public key: /c/Users/saras/.ssh/id_rsa ED25519 SHA256:aprrXFMWP/lEPtOz0w7+7zi0LEuwigJmiBMd05Zsgew
debug1: Server accepts key: /c/Users/saras/.ssh/id_rsa ED25519 SHA256:aprrXFMWP/lEPtOz0w7+7zi0LEuwigJmiBMd05Zsgew
Authenticated to 161.97.76.57 ([161.97.76.57]:22) using "publickey".
debug1: channel 0: new session [client-session] (inactive timeout: 0)
debug1: Requesting no-more-sessions@openssh.com
debug1: Entering interactive session.
debug1: pledge: filesystem
debug1: client_input_global_request: rtype hostkeys-00@openssh.com want_reply 0
debug1: client_input_hostkeys: searching /c/Users/saras/.ssh/known_hosts for 161.97.76.57 / (none)
debug1: client_input_hostkeys: searching /c/Users/saras/.ssh/known_hosts2 for 161.97.76.57 / (none)
debug1: client_input_hostkeys: hostkeys file /c/Users/saras/.ssh/known_hosts2 does not exist
debug1: Remote: /home/teo/.ssh/authorized_keys:2: key options: agent-forwarding port-forwarding pty user-rc x11-forwarding
debug1: Remote: /home/teo/.ssh/authorized_keys:2: key options: agent-forwarding port-forwarding pty user-rc x11-forwarding
debug1: Sending command: bash -s
debug1: client_global_hostkeys_prove_confirm: server used untrusted RSA signature algorithm ssh-rsa for key 0, disregarding
debug1: update_known_hosts: known hosts file /c/Users/saras/.ssh/known_hosts2 does not exist
debug1: pledge: fork
📁 Verifica file ~/.ssh/authorized_keys
-rw------- 1 teo teo 834 Aug  1 17:52 /home/teo/.ssh/authorized_keys
📄 Contenuto authorized_keys
ssh-rsa AAAAB3NzaC1yc2EAAAADAQABAAACAQCVVfhAL9/YBECWx8T0JL33YbNlCbvoGYd2/K/b1eGiAYXqjSu6HG7hvxtBeK/JeeIj6oK3QOpvlLhtiqe9nqHCaKFKUNz9KySHr4+QeGfvrxCOHdsLyz4h7B2NjJNv6VxIh7TvPJwarhdr18STzF5O8SL6FsUT3yp1DIp/WhXb4amniE6DLhzdo5CjWPaWwEy6D0ra9rDGq1chGkN4MoY+kFSPCjbEm/wE9coT6yGC+HsyEC7kcTGZttwh9b/AUSZG6y/pXe6MHNRuDROmwKmCW6dNEa16c27sytanUcxpcG8KFToSPCmHqShQAgB0ncT+kYgkjRVKu0xA/GpHcsL3CJzRSCDCga8x+3szBqC+JpzpRmR+5IXgL4PNKEwjZ7TxnZesnRnfpkrFINDfQeaerGuFskaTIMr5jgsTE44KU0fDk83rnna4UYfhTuv9jIomROUu7xBMa/GrYI9TPlNrS/YtemGKaHVFCqqZNEYB4xJox2XCIfTyCuiIIuWMw1186gTkdrLfmNJkUrnkd6d677xfhkPizXp+Cmd1Rrkx8m9/rZuhAFM5tTHjdzwO5u8P9qnD2qFFRYYnhdvU10xmBIhCVlgt777OlRnE0x+8NuYdL/O9JeSC5/picA2VTijGkuuWkTVrQCoQi8mAT5ka6utlVFDwAEreIycDG/zMJQ== saras@ryoga
ssh-ed25519 AAAAC3NzaC1lZDI1NTE5AAAAIM314j0fIdYkRz/JKwPIEezcxEkjVB50dqrlOWp+m2S5 saras@Ryoga-pro
🔑 Permessi e proprietà
  File: /home/teo/.ssh
  Size: 4096      	Blocks: 8          IO Block: 4096   directory
Device: 803h/2051d	Inode: 19531919    Links: 2
Access: (0700/drwx------)  Uid: ( 1000/     teo)   Gid: ( 1000/     teo)
Access: 2025-06-23 14:41:23.420113115 +0200
Modify: 2025-06-19 09:52:16.756155358 +0200
Change: 2025-06-19 09:52:16.756155358 +0200
 Birth: -
  File: /home/teo/.ssh/authorized_keys
  Size: 834       	Blocks: 8          IO Block: 4096   regular file
Device: 803h/2051d	Inode: 19534138    Links: 1
Access: (0600/-rw-------)  Uid: ( 1000/     teo)   Gid: ( 1000/     teo)
Access: 2025-08-01 21:13:36.044027769 +0200
Modify: 2025-08-01 17:52:13.036551864 +0200
Change: 2025-08-01 17:52:13.036551864 +0200
 Birth: -
uid=1000(teo) gid=1000(teo) groups=1000(teo),33(www-data),101(systemd-journal),116(docker)
teo
🏠 Verifica home e shell utente
teo:x:1000:1000::/home/teo:/bin/bash
⚙️ Parametri SSH server (grep)
debug1: client_input_channel_req: channel 0 rtype exit-status reply 0
#PubkeyAuthentication yes
#PasswordAuthentication yes
# PasswordAuthentication.  Depending on your PAM configuration,
# PAM authentication, then enable this but set PasswordAuthentication
debug1: channel 0: free: client-session, nchannels 1
Transferred: sent 3272, received 5752 bytes, in 0.6 seconds
Bytes per second: sent 5845.3, received 10275.8
debug1: Exit status 0
