debug1: OpenSSH_10.0p2, OpenSSL 3.2.4 11 Feb 2025
debug1: Reading configuration data /c/Users/saras/.ssh/config
debug1: Reading configuration data /etc/ssh/ssh_config
debug1: Connecting to 161.97.135.136 [161.97.135.136] port 2099.
debug1: fd 4 clearing O_NONBLOCK
debug1: Connection established.
debug1: identity file /c/Users/saras/.ssh/id_rsa type 3
debug1: identity file /c/Users/saras/.ssh/id_rsa-cert type -1
debug1: identity file /c/Users/saras/.ssh/id_ecdsa type -1
debug1: identity file /c/Users/saras/.ssh/id_ecdsa-cert type -1
debug1: identity file /c/Users/saras/.ssh/id_ecdsa_sk type -1
debug1: identity file /c/Users/saras/.ssh/id_ecdsa_sk-cert type -1
debug1: identity file /c/Users/saras/.ssh/id_ed25519 type -1
debug1: identity file /c/Users/saras/.ssh/id_ed25519-cert type -1
debug1: identity file /c/Users/saras/.ssh/id_ed25519_sk type -1
debug1: identity file /c/Users/saras/.ssh/id_ed25519_sk-cert type -1
debug1: identity file /c/Users/saras/.ssh/id_xmss type -1
debug1: identity file /c/Users/saras/.ssh/id_xmss-cert type -1
debug1: Local version string SSH-2.0-OpenSSH_10.0
debug1: Remote protocol version 2.0, remote software version OpenSSH_8.2p1 Ubuntu-4ubuntu0.11
debug1: compat_banner: match: OpenSSH_8.2p1 Ubuntu-4ubuntu0.11 pat OpenSSH* compat 0x04000000
debug1: Authenticating to 161.97.135.136:2099 as 'root'
debug1: load_hostkeys: fopen /c/Users/saras/.ssh/known_hosts2: No such file or directory
debug1: load_hostkeys: fopen /etc/ssh/ssh_known_hosts: No such file or directory
debug1: load_hostkeys: fopen /etc/ssh/ssh_known_hosts2: No such file or directory
debug1: SSH2_MSG_KEXINIT sent
debug1: SSH2_MSG_KEXINIT received
debug1: kex: algorithm: curve25519-sha256
debug1: kex: host key algorithm: ssh-ed25519
debug1: kex: server->client cipher: chacha20-poly1305@openssh.com MAC: <implicit> compression: none
debug1: kex: client->server cipher: chacha20-poly1305@openssh.com MAC: <implicit> compression: none
debug1: expecting SSH2_MSG_KEX_ECDH_REPLY
debug1: SSH2_MSG_KEX_ECDH_REPLY received
debug1: Server host key: ssh-ed25519 SHA256:8fR6jhffpmRqBXQ9mSkZK+HL6d+HCSGzOEDrEeBcgPs
debug1: load_hostkeys: fopen /c/Users/saras/.ssh/known_hosts2: No such file or directory
debug1: load_hostkeys: fopen /etc/ssh/ssh_known_hosts: No such file or directory
debug1: load_hostkeys: fopen /etc/ssh/ssh_known_hosts2: No such file or directory
debug1: Host '[161.97.135.136]:2099' is known and matches the ED25519 host key.
debug1: Found key in /c/Users/saras/.ssh/known_hosts:1
debug1: ssh_packet_send2_wrapped: resetting send seqnr 3
debug1: rekey out after 134217728 blocks
debug1: SSH2_MSG_NEWKEYS sent
debug1: expecting SSH2_MSG_NEWKEYS
debug1: ssh_packet_read_poll2: resetting read seqnr 3
debug1: SSH2_MSG_NEWKEYS received
debug1: rekey in after 134217728 blocks
debug1: SSH2_MSG_EXT_INFO received
debug1: kex_ext_info_client_parse: server-sig-algs=<ssh-ed25519,sk-ssh-ed25519@openssh.com,ssh-rsa,rsa-sha2-256,rsa-sha2-512,ssh-dss,ecdsa-sha2-nistp256,ecdsa-sha2-nistp384,ecdsa-sha2-nistp521,sk-ecdsa-sha2-nistp256@openssh.com>
debug1: SSH2_MSG_SERVICE_ACCEPT received
debug1: Authentications that can continue: publickey,password
debug1: Next authentication method: publickey
debug1: Will attempt key: /c/Users/saras/.ssh/id_rsa ED25519 SHA256:aprrXFMWP/lEPtOz0w7+7zi0LEuwigJmiBMd05Zsgew
debug1: Will attempt key: /c/Users/saras/.ssh/id_ecdsa 
debug1: Will attempt key: /c/Users/saras/.ssh/id_ecdsa_sk 
debug1: Will attempt key: /c/Users/saras/.ssh/id_ed25519 
debug1: Will attempt key: /c/Users/saras/.ssh/id_ed25519_sk 
debug1: Will attempt key: /c/Users/saras/.ssh/id_xmss 
debug1: Offering public key: /c/Users/saras/.ssh/id_rsa ED25519 SHA256:aprrXFMWP/lEPtOz0w7+7zi0LEuwigJmiBMd05Zsgew
debug1: Authentications that can continue: publickey,password
debug1: Trying private key: /c/Users/saras/.ssh/id_ecdsa
debug1: Trying private key: /c/Users/saras/.ssh/id_ecdsa_sk
debug1: Trying private key: /c/Users/saras/.ssh/id_ed25519
debug1: Trying private key: /c/Users/saras/.ssh/id_ed25519_sk
debug1: Trying private key: /c/Users/saras/.ssh/id_xmss
debug1: No more authentication methods to try.
root@161.97.135.136: Permission denied (publickey,password).
